<?xml version="1.0" encoding="UTF-8"?>
<robot generator="Robot 6.1.1 (Python 3.11.3 on win32)" generated="20231013 12:11:23.557" rpa="false" schemaversion="4">
<suite id="s1" name="Pizza Shop" source="C:\Users\yassi\OneDrive\Bureau\ELMAZOUGHI-YASSINE\Testing\Robot Freamework\pizza_shop.robot">
<kw name="Open Browser" library="SeleniumLibrary" type="SETUP">
<arg>${url}</arg>
<arg>${browser}</arg>
<doc>Opens a new browser instance to the optional ``url``.</doc>
<msg timestamp="20231013 12:11:23.934" level="INFO">Opening browser 'chrome' to base url 'https://dineshvelhal.github.io/testautomation-playground/login.html'.</msg>
<status status="PASS" starttime="20231013 12:11:23.934" endtime="20231013 12:11:38.422"/>
</kw>
<test id="s1-t1" name="First Test" line="18">
<kw name="Double Click Element" library="SeleniumLibrary">
<arg>//*[@id="user"]</arg>
<doc>Double clicks the element identified by ``locator``.</doc>
<msg timestamp="20231013 12:11:38.426" level="INFO">Double clicking element '//*[@id="user"]'.</msg>
<status status="PASS" starttime="20231013 12:11:38.424" endtime="20231013 12:11:38.739"/>
</kw>
<status status="PASS" starttime="20231013 12:11:38.423" endtime="20231013 12:11:38.739"/>
</test>
<test id="s1-t2" name="Login" line="25">
<kw name="Input Text" library="SeleniumLibrary">
<arg>//*[@id="user"]</arg>
<arg>${Username}</arg>
<doc>Types the given ``text`` into the text field identified by ``locator``.</doc>
<msg timestamp="20231013 12:11:38.752" level="INFO">Typing text 'admin' into text field '//*[@id="user"]'.</msg>
<status status="PASS" starttime="20231013 12:11:38.739" endtime="20231013 12:11:38.874"/>
</kw>
<kw name="Sleep" library="BuiltIn">
<arg>2s</arg>
<doc>Pauses the test executed for the given time.</doc>
<msg timestamp="20231013 12:11:40.874" level="INFO">Slept 2 seconds</msg>
<status status="PASS" starttime="20231013 12:11:38.874" endtime="20231013 12:11:40.874"/>
</kw>
<kw name="Click Element" library="SeleniumLibrary">
<arg>//*[@id="password"]</arg>
<doc>Click the element identified by ``locator``.</doc>
<msg timestamp="20231013 12:11:40.874" level="INFO">Clicking element '//*[@id="password"]'.</msg>
<status status="PASS" starttime="20231013 12:11:40.874" endtime="20231013 12:11:40.953"/>
</kw>
<kw name="Sleep" library="BuiltIn">
<arg>2s</arg>
<doc>Pauses the test executed for the given time.</doc>
<msg timestamp="20231013 12:11:42.955" level="INFO">Slept 2 seconds</msg>
<status status="PASS" starttime="20231013 12:11:40.955" endtime="20231013 12:11:42.955"/>
</kw>
<kw name="Input Text" library="SeleniumLibrary">
<arg>//*[@id="password"]</arg>
<arg>${Password}</arg>
<doc>Types the given ``text`` into the text field identified by ``locator``.</doc>
<msg timestamp="20231013 12:11:42.955" level="INFO">Typing text 'admin' into text field '//*[@id="password"]'.</msg>
<status status="PASS" starttime="20231013 12:11:42.955" endtime="20231013 12:11:43.043"/>
</kw>
<kw name="Click Element" library="SeleniumLibrary">
<arg>//*[@id="login"]</arg>
<doc>Click the element identified by ``locator``.</doc>
<msg timestamp="20231013 12:11:43.045" level="INFO">Clicking element '//*[@id="login"]'.</msg>
<status status="PASS" starttime="20231013 12:11:43.044" endtime="20231013 12:11:44.744"/>
</kw>
<kw name="Sleep" library="BuiltIn">
<arg>0.5s</arg>
<doc>Pauses the test executed for the given time.</doc>
<msg timestamp="20231013 12:11:45.244" level="INFO">Slept 500 milliseconds</msg>
<status status="PASS" starttime="20231013 12:11:44.744" endtime="20231013 12:11:45.244"/>
</kw>
<status status="PASS" starttime="20231013 12:11:38.739" endtime="20231013 12:11:45.244"/>
</test>
<test id="s1-t3" name="Customize" line="33">
<kw name="Click Element" library="SeleniumLibrary">
<arg>//*[@id="pizza_order_form"]/div[1]/div[2]/div/div[1]/label</arg>
<doc>Click the element identified by ``locator``.</doc>
<msg timestamp="20231013 12:11:45.244" level="INFO">Clicking element '//*[@id="pizza_order_form"]/div[1]/div[2]/div/div[1]/label'.</msg>
<status status="PASS" starttime="20231013 12:11:45.244" endtime="20231013 12:11:45.312"/>
</kw>
<kw name="Sleep" library="BuiltIn">
<arg>2s</arg>
<doc>Pauses the test executed for the given time.</doc>
<msg timestamp="20231013 12:11:47.312" level="INFO">Slept 2 seconds</msg>
<status status="PASS" starttime="20231013 12:11:45.312" endtime="20231013 12:11:47.312"/>
</kw>
<kw name="Click Element" library="SeleniumLibrary">
<arg>//*[@id="select_flavor"]</arg>
<doc>Click the element identified by ``locator``.</doc>
<msg timestamp="20231013 12:11:47.312" level="INFO">Clicking element '//*[@id="select_flavor"]'.</msg>
<status status="PASS" starttime="20231013 12:11:47.312" endtime="20231013 12:11:47.388"/>
</kw>
<kw name="Click Element" library="SeleniumLibrary">
<arg>//*[@id="select_flavor"]/option[2]</arg>
<doc>Click the element identified by ``locator``.</doc>
<msg timestamp="20231013 12:11:47.388" level="INFO">Clicking element '//*[@id="select_flavor"]/option[2]'.</msg>
<status status="PASS" starttime="20231013 12:11:47.388" endtime="20231013 12:11:47.474"/>
</kw>
<kw name="Click Element" library="SeleniumLibrary">
<arg>//*[@id="pizza_order_form"]/div[3]/div[2]/div/div[1]/label</arg>
<doc>Click the element identified by ``locator``.</doc>
<msg timestamp="20231013 12:11:47.475" level="INFO">Clicking element '//*[@id="pizza_order_form"]/div[3]/div[2]/div/div[1]/label'.</msg>
<status status="PASS" starttime="20231013 12:11:47.474" endtime="20231013 12:11:47.557"/>
</kw>
<kw name="Click Element" library="SeleniumLibrary">
<arg>//*[@id="pizza_order_form"]/div[4]/div[2]/div/div[1]/div/label</arg>
<doc>Click the element identified by ``locator``.</doc>
<msg timestamp="20231013 12:11:47.559" level="INFO">Clicking element '//*[@id="pizza_order_form"]/div[4]/div[2]/div/div[1]/div/label'.</msg>
<status status="PASS" starttime="20231013 12:11:47.558" endtime="20231013 12:11:47.622"/>
</kw>
<kw name="Click Element" library="SeleniumLibrary">
<arg>//*[@id="quantity"]</arg>
<doc>Click the element identified by ``locator``.</doc>
<msg timestamp="20231013 12:11:47.622" level="INFO">Clicking element '//*[@id="quantity"]'.</msg>
<status status="PASS" starttime="20231013 12:11:47.622" endtime="20231013 12:11:47.695"/>
</kw>
<kw name="Input Text" library="SeleniumLibrary">
<arg>//*[@id="quantity"]</arg>
<arg>${Nmber}</arg>
<doc>Types the given ``text`` into the text field identified by ``locator``.</doc>
<msg timestamp="20231013 12:11:47.696" level="INFO">Typing text '5' into text field '//*[@id="quantity"]'.</msg>
<status status="PASS" starttime="20231013 12:11:47.696" endtime="20231013 12:11:47.801"/>
</kw>
<status status="PASS" starttime="20231013 12:11:45.244" endtime="20231013 12:11:47.801"/>
</test>
<test id="s1-t4" name="confirm" line="42">
<kw name="Click Element" library="SeleniumLibrary">
<arg>//*[@id="submit_button"]</arg>
<doc>Click the element identified by ``locator``.</doc>
<msg timestamp="20231013 12:11:47.801" level="INFO">Clicking element '//*[@id="submit_button"]'.</msg>
<status status="PASS" starttime="20231013 12:11:47.801" endtime="20231013 12:11:47.890"/>
</kw>
<kw name="Capture Page Screenshot" library="SeleniumLibrary">
<doc>Takes a screenshot of the current page and embeds it into a log file.</doc>
<msg timestamp="20231013 12:11:48.114" level="INFO" html="true">&lt;/td&gt;&lt;/tr&gt;&lt;tr&gt;&lt;td colspan="3"&gt;&lt;a href="selenium-screenshot-3.png"&gt;&lt;img src="selenium-screenshot-3.png" width="800px"&gt;&lt;/a&gt;</msg>
<status status="PASS" starttime="20231013 12:11:47.896" endtime="20231013 12:11:48.114"/>
</kw>
<status status="PASS" starttime="20231013 12:11:47.801" endtime="20231013 12:11:48.114"/>
</test>
<kw name="Close Browser" library="SeleniumLibrary" type="TEARDOWN">
<doc>Closes the current browser.</doc>
<status status="PASS" starttime="20231013 12:11:48.114" endtime="20231013 12:11:57.013"/>
</kw>
<doc>This file contains test cases for the login functionality.</doc>
<status status="PASS" starttime="20231013 12:11:23.557" endtime="20231013 12:11:57.013"/>
</suite>
<statistics>
<total>
<stat pass="4" fail="0" skip="0">All Tests</stat>
</total>
<tag>
</tag>
<suite>
<stat pass="4" fail="0" skip="0" id="s1" name="Pizza Shop">Pizza Shop</stat>
</suite>
</statistics>
<errors>
</errors>
</robot>
