<?xml version="1.0" encoding="UTF-8"?>
<robot generator="Robot 6.1.1 (Python 3.11.3 on win32)" generated="20231013 14:41:50.153" rpa="false" schemaversion="4">
<suite id="s1" name="Shopping Website" source="C:\Users\yassi\OneDrive\Bureau\ELMAZOUGHI-YASSINE\Testing\Robot Freamework\shopping website\shopping_website.robot">
<kw name="Open Browser" library="SeleniumLibrary" type="SETUP">
<arg>${url}</arg>
<arg>${browser}</arg>
<doc>Opens a new browser instance to the optional ``url``.</doc>
<msg timestamp="20231013 14:41:50.475" level="INFO">Opening browser 'chrome' to base url 'https://www.saucedemo.com/'.</msg>
<status status="PASS" starttime="20231013 14:41:50.475" endtime="20231013 14:41:55.136"/>
</kw>
<test id="s1-t1" name="First Test" line="19">
<kw name="Double Click Element" library="SeleniumLibrary">
<arg>//*[@id="user-name"]</arg>
<doc>Double clicks the element identified by ``locator``.</doc>
<msg timestamp="20231013 14:41:55.140" level="INFO">Double clicking element '//*[@id="user-name"]'.</msg>
<status status="PASS" starttime="20231013 14:41:55.138" endtime="20231013 14:41:55.457"/>
</kw>
<kw name="Capture Page Screenshot" library="SeleniumLibrary">
<doc>Takes a screenshot of the current page and embeds it into a log file.</doc>
<msg timestamp="20231013 14:41:55.571" level="INFO" html="true">&lt;/td&gt;&lt;/tr&gt;&lt;tr&gt;&lt;td colspan="3"&gt;&lt;a href="selenium-screenshot-1.png"&gt;&lt;img src="selenium-screenshot-1.png" width="800px"&gt;&lt;/a&gt;</msg>
<status status="PASS" starttime="20231013 14:41:55.457" endtime="20231013 14:41:55.571"/>
</kw>
<status status="PASS" starttime="20231013 14:41:55.136" endtime="20231013 14:41:55.571"/>
</test>
<test id="s1-t2" name="Login" line="26">
<kw name="Input Text" library="SeleniumLibrary">
<arg>//*[@id="user-name"]</arg>
<arg>${Username}</arg>
<doc>Types the given ``text`` into the text field identified by ``locator``.</doc>
<msg timestamp="20231013 14:41:55.586" level="INFO">Typing text 'performance_glitch_user' into text field '//*[@id="user-name"]'.</msg>
<status status="PASS" starttime="20231013 14:41:55.586" endtime="20231013 14:41:55.742"/>
</kw>
<kw name="Sleep" library="BuiltIn">
<arg>2s</arg>
<doc>Pauses the test executed for the given time.</doc>
<msg timestamp="20231013 14:41:57.742" level="INFO">Slept 2 seconds</msg>
<status status="PASS" starttime="20231013 14:41:55.742" endtime="20231013 14:41:57.742"/>
</kw>
<kw name="Click Element" library="SeleniumLibrary">
<arg>//*[@id="password"]</arg>
<doc>Click the element identified by ``locator``.</doc>
<msg timestamp="20231013 14:41:57.742" level="INFO">Clicking element '//*[@id="password"]'.</msg>
<status status="PASS" starttime="20231013 14:41:57.742" endtime="20231013 14:41:57.817"/>
</kw>
<kw name="Sleep" library="BuiltIn">
<arg>2s</arg>
<doc>Pauses the test executed for the given time.</doc>
<msg timestamp="20231013 14:41:59.819" level="INFO">Slept 2 seconds</msg>
<status status="PASS" starttime="20231013 14:41:57.818" endtime="20231013 14:41:59.819"/>
</kw>
<kw name="Input Text" library="SeleniumLibrary">
<arg>//*[@id="password"]</arg>
<arg>${Password}</arg>
<doc>Types the given ``text`` into the text field identified by ``locator``.</doc>
<msg timestamp="20231013 14:41:59.819" level="INFO">Typing text 'secret_sauce' into text field '//*[@id="password"]'.</msg>
<status status="PASS" starttime="20231013 14:41:59.819" endtime="20231013 14:41:59.926"/>
</kw>
<kw name="Click Element" library="SeleniumLibrary">
<arg>//*[@id="login-button"]</arg>
<doc>Click the element identified by ``locator``.</doc>
<msg timestamp="20231013 14:41:59.927" level="INFO">Clicking element '//*[@id="login-button"]'.</msg>
<status status="PASS" starttime="20231013 14:41:59.926" endtime="20231013 14:42:05.063"/>
</kw>
<kw name="Sleep" library="BuiltIn">
<arg>0.5s</arg>
<doc>Pauses the test executed for the given time.</doc>
<msg timestamp="20231013 14:42:05.565" level="INFO">Slept 500 milliseconds</msg>
<status status="PASS" starttime="20231013 14:42:05.064" endtime="20231013 14:42:05.565"/>
</kw>
<kw name="Capture Page Screenshot" library="SeleniumLibrary">
<doc>Takes a screenshot of the current page and embeds it into a log file.</doc>
<msg timestamp="20231013 14:42:05.718" level="INFO" html="true">&lt;/td&gt;&lt;/tr&gt;&lt;tr&gt;&lt;td colspan="3"&gt;&lt;a href="selenium-screenshot-2.png"&gt;&lt;img src="selenium-screenshot-2.png" width="800px"&gt;&lt;/a&gt;</msg>
<status status="PASS" starttime="20231013 14:42:05.565" endtime="20231013 14:42:05.718"/>
</kw>
<status status="PASS" starttime="20231013 14:41:55.586" endtime="20231013 14:42:05.718"/>
</test>
<test id="s1-t3" name="Customize" line="35">
<kw name="Click Element" library="SeleniumLibrary">
<arg>//*[@id="item_4_title_link"]/div</arg>
<doc>Click the element identified by ``locator``.</doc>
<msg timestamp="20231013 14:42:05.718" level="INFO">Clicking element '//*[@id="item_4_title_link"]/div'.</msg>
<status status="PASS" starttime="20231013 14:42:05.718" endtime="20231013 14:42:05.822"/>
</kw>
<kw name="Sleep" library="BuiltIn">
<arg>0.5s</arg>
<doc>Pauses the test executed for the given time.</doc>
<msg timestamp="20231013 14:42:06.324" level="INFO">Slept 500 milliseconds</msg>
<status status="PASS" starttime="20231013 14:42:05.823" endtime="20231013 14:42:06.324"/>
</kw>
<kw name="Click Element" library="SeleniumLibrary">
<arg>//*[@id="add-to-cart-sauce-labs-backpack"]</arg>
<doc>Click the element identified by ``locator``.</doc>
<msg timestamp="20231013 14:42:06.325" level="INFO">Clicking element '//*[@id="add-to-cart-sauce-labs-backpack"]'.</msg>
<status status="PASS" starttime="20231013 14:42:06.324" endtime="20231013 14:42:06.394"/>
</kw>
<kw name="Sleep" library="BuiltIn">
<arg>0.5s</arg>
<doc>Pauses the test executed for the given time.</doc>
<msg timestamp="20231013 14:42:06.895" level="INFO">Slept 500 milliseconds</msg>
<status status="PASS" starttime="20231013 14:42:06.395" endtime="20231013 14:42:06.895"/>
</kw>
<kw name="Click Element" library="SeleniumLibrary">
<arg>//*[@id="back-to-products"]</arg>
<doc>Click the element identified by ``locator``.</doc>
<msg timestamp="20231013 14:42:06.895" level="INFO">Clicking element '//*[@id="back-to-products"]'.</msg>
<status status="PASS" starttime="20231013 14:42:06.895" endtime="20231013 14:42:11.973"/>
</kw>
<kw name="Sleep" library="BuiltIn">
<arg>0.5s</arg>
<doc>Pauses the test executed for the given time.</doc>
<msg timestamp="20231013 14:42:12.473" level="INFO">Slept 500 milliseconds</msg>
<status status="PASS" starttime="20231013 14:42:11.973" endtime="20231013 14:42:12.474"/>
</kw>
<kw name="Click Element" library="SeleniumLibrary">
<arg>//*[@id="item_5_title_link"]/div</arg>
<doc>Click the element identified by ``locator``.</doc>
<msg timestamp="20231013 14:42:12.475" level="INFO">Clicking element '//*[@id="item_5_title_link"]/div'.</msg>
<status status="PASS" starttime="20231013 14:42:12.474" endtime="20231013 14:42:12.554"/>
</kw>
<kw name="Sleep" library="BuiltIn">
<arg>0.5s</arg>
<doc>Pauses the test executed for the given time.</doc>
<msg timestamp="20231013 14:42:13.055" level="INFO">Slept 500 milliseconds</msg>
<status status="PASS" starttime="20231013 14:42:12.554" endtime="20231013 14:42:13.055"/>
</kw>
<kw name="Click Element" library="SeleniumLibrary">
<arg>//*[@id="add-to-cart-sauce-labs-fleece-jacket"]</arg>
<doc>Click the element identified by ``locator``.</doc>
<msg timestamp="20231013 14:42:13.055" level="INFO">Clicking element '//*[@id="add-to-cart-sauce-labs-fleece-jacket"]'.</msg>
<status status="PASS" starttime="20231013 14:42:13.055" endtime="20231013 14:42:13.115"/>
</kw>
<kw name="Sleep" library="BuiltIn">
<arg>0.5s</arg>
<doc>Pauses the test executed for the given time.</doc>
<msg timestamp="20231013 14:42:13.616" level="INFO">Slept 500 milliseconds</msg>
<status status="PASS" starttime="20231013 14:42:13.115" endtime="20231013 14:42:13.616"/>
</kw>
<kw name="Click Element" library="SeleniumLibrary">
<arg>//*[@id="back-to-products"]</arg>
<doc>Click the element identified by ``locator``.</doc>
<msg timestamp="20231013 14:42:13.616" level="INFO">Clicking element '//*[@id="back-to-products"]'.</msg>
<status status="PASS" starttime="20231013 14:42:13.616" endtime="20231013 14:42:18.687"/>
</kw>
<kw name="Capture Page Screenshot" library="SeleniumLibrary">
<doc>Takes a screenshot of the current page and embeds it into a log file.</doc>
<msg timestamp="20231013 14:42:18.864" level="INFO" html="true">&lt;/td&gt;&lt;/tr&gt;&lt;tr&gt;&lt;td colspan="3"&gt;&lt;a href="selenium-screenshot-3.png"&gt;&lt;img src="selenium-screenshot-3.png" width="800px"&gt;&lt;/a&gt;</msg>
<status status="PASS" starttime="20231013 14:42:18.687" endtime="20231013 14:42:18.864"/>
</kw>
<status status="PASS" starttime="20231013 14:42:05.718" endtime="20231013 14:42:18.864"/>
</test>
<test id="s1-t4" name="Checkout" line="48">
<kw name="Click Element" library="SeleniumLibrary">
<arg>//*[@id="shopping_cart_container"]/a</arg>
<doc>Click the element identified by ``locator``.</doc>
<msg timestamp="20231013 14:42:18.873" level="INFO">Clicking element '//*[@id="shopping_cart_container"]/a'.</msg>
<status status="PASS" starttime="20231013 14:42:18.864" endtime="20231013 14:42:18.971"/>
</kw>
<kw name="Click Element" library="SeleniumLibrary">
<arg>//*[@id="checkout"]</arg>
<doc>Click the element identified by ``locator``.</doc>
<msg timestamp="20231013 14:42:18.972" level="INFO">Clicking element '//*[@id="checkout"]'.</msg>
<status status="PASS" starttime="20231013 14:42:18.971" endtime="20231013 14:42:19.056"/>
</kw>
<kw name="Capture Page Screenshot" library="SeleniumLibrary">
<doc>Takes a screenshot of the current page and embeds it into a log file.</doc>
<msg timestamp="20231013 14:42:19.216" level="INFO" html="true">&lt;/td&gt;&lt;/tr&gt;&lt;tr&gt;&lt;td colspan="3"&gt;&lt;a href="selenium-screenshot-4.png"&gt;&lt;img src="selenium-screenshot-4.png" width="800px"&gt;&lt;/a&gt;</msg>
<status status="PASS" starttime="20231013 14:42:19.057" endtime="20231013 14:42:19.216"/>
</kw>
<status status="PASS" starttime="20231013 14:42:18.864" endtime="20231013 14:42:19.216"/>
</test>
<test id="s1-t5" name="Your Information" line="52">
<kw name="Click Element" library="SeleniumLibrary">
<arg>//*[@id="first-name"]</arg>
<doc>Click the element identified by ``locator``.</doc>
<msg timestamp="20231013 14:42:19.216" level="INFO">Clicking element '//*[@id="first-name"]'.</msg>
<status status="PASS" starttime="20231013 14:42:19.216" endtime="20231013 14:42:19.308"/>
</kw>
<kw name="Input Text" library="SeleniumLibrary">
<arg>//*[@id="first-name"]</arg>
<arg>${firstname}</arg>
<doc>Types the given ``text`` into the text field identified by ``locator``.</doc>
<msg timestamp="20231013 14:42:19.309" level="INFO">Typing text 'Yassine' into text field '//*[@id="first-name"]'.</msg>
<status status="PASS" starttime="20231013 14:42:19.308" endtime="20231013 14:42:19.410"/>
</kw>
<kw name="Click Element" library="SeleniumLibrary">
<arg>//*[@id="last-name"]</arg>
<doc>Click the element identified by ``locator``.</doc>
<msg timestamp="20231013 14:42:19.412" level="INFO">Clicking element '//*[@id="last-name"]'.</msg>
<status status="PASS" starttime="20231013 14:42:19.411" endtime="20231013 14:42:19.473"/>
</kw>
<kw name="Input Text" library="SeleniumLibrary">
<arg>//*[@id="last-name"]</arg>
<arg>${Lastname}</arg>
<doc>Types the given ``text`` into the text field identified by ``locator``.</doc>
<msg timestamp="20231013 14:42:19.476" level="INFO">Typing text 'Elamzoughi' into text field '//*[@id="last-name"]'.</msg>
<status status="PASS" starttime="20231013 14:42:19.475" endtime="20231013 14:42:19.594"/>
</kw>
<kw name="Click Element" library="SeleniumLibrary">
<arg>//*[@id="postal-code"]</arg>
<doc>Click the element identified by ``locator``.</doc>
<msg timestamp="20231013 14:42:19.595" level="INFO">Clicking element '//*[@id="postal-code"]'.</msg>
<status status="PASS" starttime="20231013 14:42:19.595" endtime="20231013 14:42:19.657"/>
</kw>
<kw name="Input Text" library="SeleniumLibrary">
<arg>//*[@id="postal-code"]</arg>
<arg>${postalcode }</arg>
<doc>Types the given ``text`` into the text field identified by ``locator``.</doc>
<msg timestamp="20231013 14:42:19.657" level="INFO">Typing text '2023323' into text field '//*[@id="postal-code"]'.</msg>
<status status="PASS" starttime="20231013 14:42:19.657" endtime="20231013 14:42:19.758"/>
</kw>
<kw name="Click Element" library="SeleniumLibrary">
<arg>//*[@id="continue"]</arg>
<doc>Click the element identified by ``locator``.</doc>
<msg timestamp="20231013 14:42:19.759" level="INFO">Clicking element '//*[@id="continue"]'.</msg>
<status status="PASS" starttime="20231013 14:42:19.758" endtime="20231013 14:42:19.842"/>
</kw>
<kw name="Click Element" library="SeleniumLibrary">
<arg>//*[@id="finish"]</arg>
<doc>Click the element identified by ``locator``.</doc>
<msg timestamp="20231013 14:42:19.845" level="INFO">Clicking element '//*[@id="finish"]'.</msg>
<status status="PASS" starttime="20231013 14:42:19.844" endtime="20231013 14:42:19.921"/>
</kw>
<kw name="Capture Page Screenshot" library="SeleniumLibrary">
<doc>Takes a screenshot of the current page and embeds it into a log file.</doc>
<msg timestamp="20231013 14:42:20.051" level="INFO" html="true">&lt;/td&gt;&lt;/tr&gt;&lt;tr&gt;&lt;td colspan="3"&gt;&lt;a href="selenium-screenshot-5.png"&gt;&lt;img src="selenium-screenshot-5.png" width="800px"&gt;&lt;/a&gt;</msg>
<status status="PASS" starttime="20231013 14:42:19.922" endtime="20231013 14:42:20.051"/>
</kw>
<status status="PASS" starttime="20231013 14:42:19.216" endtime="20231013 14:42:20.070"/>
</test>
<kw name="Close Browser" library="SeleniumLibrary" type="TEARDOWN">
<doc>Closes the current browser.</doc>
<status status="PASS" starttime="20231013 14:42:20.073" endtime="20231013 14:42:22.424"/>
</kw>
<doc>This file contains test cases for the login functionality.</doc>
<status status="PASS" starttime="20231013 14:41:50.153" endtime="20231013 14:42:22.424"/>
</suite>
<statistics>
<total>
<stat pass="5" fail="0" skip="0">All Tests</stat>
</total>
<tag>
</tag>
<suite>
<stat pass="5" fail="0" skip="0" id="s1" name="Shopping Website">Shopping Website</stat>
</suite>
</statistics>
<errors>
</errors>
</robot>
