<?xml version="1.0" encoding="UTF-8"?>
<robot generator="Robot 6.1.1 (Python 3.11.3 on win32)" generated="20231016 11:42:24.369" rpa="false" schemaversion="4">
<suite id="s1" name="Movies" source="C:\Users\yassi\OneDrive\Bureau\ELMAZOUGHI-YASSINE\Testing\Robot Freamework\API\movies.robot">
<test id="s1-t1" name="Test API Request" line="10">
<kw name="Create Session" library="RequestsLibrary">
<arg>movies</arg>
<arg>${BASE_URL}</arg>
<doc>Create Session: create a HTTP session to a server</doc>
<msg timestamp="20231016 11:42:26.143" level="INFO">Creating Session using : alias=movies, url=https://moviesdatabase.p.rapidapi.com/titles, headers={},                     cookies={}, auth=None, timeout=None, proxies=None, verify=False,                     debug=0 </msg>
<status status="PASS" starttime="20231016 11:42:26.143" endtime="20231016 11:42:26.143"/>
</kw>
<kw name="Create Dictionary" library="BuiltIn">
<var>&amp;{headers}</var>
<arg>X-RapidAPI-Key</arg>
<arg>6fc4363381mshccc938c5300e831p1a2d4cjsnc09dc6d2a411</arg>
<arg>X-RapidAPI-Host</arg>
<arg>moviesdatabase.p.rapidapi.com</arg>
<doc>Creates and returns a dictionary based on the given ``items``.</doc>
<msg timestamp="20231016 11:42:26.143" level="INFO">&amp;{headers} = { X-RapidAPI-Key=6fc4363381mshccc938c5300e831p1a2d4cjsnc09dc6d2a411 | X-RapidAPI-Host=moviesdatabase.p.rapidapi.com }</msg>
<status status="PASS" starttime="20231016 11:42:26.143" endtime="20231016 11:42:26.143"/>
</kw>
<kw name="GET On Session" library="RequestsLibrary">
<var>${response}</var>
<arg>movies</arg>
<arg>/</arg>
<arg>headers=${headers}</arg>
<arg>verify=${True}</arg>
<doc>Sends a GET request on a previously created HTTP Session.</doc>
<msg timestamp="20231016 11:42:26.863" level="INFO">GET Request : url=https://moviesdatabase.p.rapidapi.com/titles/ 
 path_url=/titles/ 
 headers={'User-Agent': 'python-requests/2.31.0', 'Accept-Encoding': 'gzip, deflate', 'Accept': '*/*', 'Connection': 'keep-alive', 'X-RapidAPI-Key': '6fc4363381mshccc938c5300e831p1a2d4cjsnc09dc6d2a411', 'X-RapidAPI-Host': 'moviesdatabase.p.rapidapi.com'} 
 body=None 
 </msg>
<msg timestamp="20231016 11:42:26.863" level="INFO">GET Response : url=https://moviesdatabase.p.rapidapi.com/titles/ 
 status=200, reason=OK 
 headers={'Date': 'Mon, 16 Oct 2023 10:42:29 GMT', 'Content-Type': 'application/json; charset=utf-8', 'Content-Length': '7015', 'Connection': 'keep-alive', 'ETag': 'W/"1b67-Mlge/N+ghVeDjBl2QZuLjlWsHic"', 'Expect-CT': 'max-age=0', 'X-DNS-Prefetch-Control': 'off', 'X-Permitted-Cross-Domain-Policies': 'none', 'Content-Security-Policy': "default-src 'self';base-uri 'self';block-all-mixed-content;font-src 'self' https: data:;frame-ancestors 'self';img-src 'self' data:;object-src 'none';script-src 'self';script-src-attr 'none';style-src 'self' https: 'unsafe-inline';upgrade-insecure-requests", 'X-Content-Type-Options': 'nosniff', 'Referrer-Policy': 'no-referrer', 'X-XSS-Protection': '0', 'Strict-Transport-Security': 'max-age=15552000; includeSubDomains', 'X-Download-Options': 'noopen', 'X-Frame-Options': 'SAMEORIGIN', 'X-RateLimit-rapid-free-plans-hard-limit-Limit': '500000', 'X-RateLimit-rapid-free-plans-hard-limit-Remaining': '499999', 'X-RateLimit-rapid-free-plans-hard-limit-Reset': '768276', 'Server': 'RapidAPI-1.2.8', 'X-RapidAPI-Version': '1.2.8', 'X-RapidAPI-Region': 'AWS - eu-west-1'} 
 body={"page":1,"next":"/titles/?page=2","entries":10,"results":[{"_id":"61e57fd65c5338f43c777f4a","id":"tt0000081","primaryImage":{"id":"rm211543552","width":226,"height":300,"url":"https://m.media-amazon.com/images/M/MV5BM2ZlYjA4NmItZTYxYy00MGFiLTg3MWUtNzZmYjE1ODZmMThjXkEyXkFqcGdeQXVyNTI2NTY2MDI@._V1_.jpg","caption":{"plainText":"Les haleurs de bateaux (1896)","__typename":"Markdown"},"__typename":"Image"},"titleType":{"text":"Short","id":"short","isSeries":false,"isEpisode":false,"__typename":"TitleType"},"titleText":{"text":"Les haleurs de bateaux","__typename":"TitleText"},"originalTitleText":{"text":"Les haleurs de bateaux","__typename":"TitleText"},"releaseYear":{"year":1896,"endYear":null,"__typename":"YearRange"},"releaseDate":null},{"_id":"61e57fd65c5338f43c777f4c","id":"tt0000045","primaryImage":{"id":"rm362538496","width":226,"height":300,"url":"https://m.media-amazon.com/images/M/MV5BNzBjZjI4YjYtNGIyOC00ZDQyLTg0OTctN2U2YmUyMjJiZTQzXkEyXkFqcGdeQXVyNTI2NTY2MDI@._V1_.jpg","caption":{"plainText":"Les blanchisseuses (1896)","__typename":"Markdown"},"__typename":"Image"},"titleType":{"text":"Short","id":"short","isSeries":false,"isEpisode":false,"__typename":"TitleType"},"titleText":{"text":"Les blanchisseuses","__typename":"TitleText"},"originalTitleText":{"text":"Les blanchisseuses","__typename":"TitleText"},"releaseYear":{"year":1896,"endYear":null,"__typename":"YearRange"},"releaseDate":{"day":null,"month":null,"year":1896,"__typename":"ReleaseDate"}},{"_id":"61e57fd65c5338f43c777f4e","id":"tt0000066","primaryImage":{"id":"rm1117513216","width":226,"height":300,"url":"https://m.media-amazon.com/images/M/MV5BZGUxMmJiZjEtMDdkNC00MGMzLWI3MTItOTJiYmNhOGM0Mjk5XkEyXkFqcGdeQXVyNTI2NTY2MDI@._V1_.jpg","caption":{"plainText":"Dessinateur: Von Bismark (1896)","__typename":"Markdown"},"__typename":"Image"},"titleType":{"text":"Short","id":"short","isSeries":false,"isEpisode":false,"__typename":"TitleType"},"titleText":{"text":"Dessinateur: Von Bismark","__typename":"TitleText"},"originalTitleText":{"text":"Dessinateur: Von Bismark","__typename":"TitleText"},"releaseYear":{"year":1896,"endYear":null,"__typename":"YearRange"},"releaseDate":null},{"_id":"61e57fd65c5338f43c777f50","id":"tt0000049","primaryImage":{"id":"rm4062580736","width":1280,"height":720,"url":"https://m.media-amazon.com/images/M/MV5BNjQ0YzQwYjctMTljYi00MzhmLTliMGUtMTY2NzE3MjgzYzYzXkEyXkFqcGdeQXVyNTIzOTk5ODM@._V1_.jpg","caption":{"plainText":"Boxing Match; or, Glove Contest (1896)","__typename":"Markdown"},"__typename":"Image"},"titleType":{"text":"Short","id":"short","isSeries":false,"isEpisode":false,"__typename":"TitleType"},"titleText":{"text":"Boxing Match; or, Glove Contest","__typename":"TitleText"},"originalTitleText":{"text":"Boxing Match; or, Glove Contest","__typename":"TitleText"},"releaseYear":{"year":1896,"endYear":null,"__typename":"YearRange"},"releaseDate":{"day":null,"month":1,"year":1896,"__typename":"ReleaseDate"}},{"_id":"61e57fd65c5338f43c777f52","id":"tt0000103","primaryImage":{"id":"rm597419520","width":226,"height":300,"url":"https://m.media-amazon.com/images/M/MV5BNDgxYjBjY2QtYjg5Mi00MGI2LWFlZWUtNWI5MDAzOTMyOGM4XkEyXkFqcGdeQXVyNTI2NTY2MDI@._V1_.jpg","caption":{"plainText":"Plus fort que le maître (1896)","__typename":"Markdown"},"__typename":"Image"},"titleType":{"text":"Short","id":"short","isSeries":false,"isEpisode":false,"__typename":"TitleType"},"titleText":{"text":"Plus fort que le maître","__typename":"TitleText"},"originalTitleText":{"text":"Plus fort que le maître","__typename":"TitleText"},"releaseYear":{"year":1896,"endYear":null,"__typename":"YearRange"},"releaseDate":null},{"_id":"61e57fd65c5338f43c777f54","id":"tt0000133","primaryImage":{"id":"rm1738270208","width":226,"height":300,"url":"https://m.media-amazon.com/images/M/MV5BMmQyNGUxNzYtZGNjNi00YjAzLTlkZGUtNzkyMjUxMzdmOTFkXkEyXkFqcGdeQXVyNTI2NTY2MDI@._V1_.jpg","caption":{"plainText":"La voiture du potier (1896)","__typename":"Markdown"},"__typename":"Image"},"titleType":{"text":"Short","id":"short","isSeries":false,"isEpisode":false,"__typename":"TitleType"},"titleText":{"text":"La voiture du potier","__typename":"TitleText"},"originalTitleText":{"text":"La voiture du potier","__typename":"TitleText"},"releaseYear":{"year":1896,"endYear":null,"__typename":"YearRange"},"releaseDate":null},{"_id":"61e57fd65c5338f43c777f56","id":"tt0000125","primaryImage":null,"titleType":{"text":"Short","id":"short","isSeries":false,"isEpisode":false,"__typename":"TitleType"},"titleText":{"text":"The Terrible Railway Accident","__typename":"TitleText"},"originalTitleText":{"text":"The Terrible Railway Accident","__typename":"TitleText"},"releaseYear":{"year":1896,"endYear":null,"__typename":"YearRange"},"releaseDate":null},{"_id":"61e57fd65c5338f43c777f58","id":"tt0000184","primaryImage":{"id":"rm2943491328","width":700,"height":525,"url":"https://m.media-amazon.com/images/M/MV5BNjg1MGM4Y2MtYThkNy00NDc0LWIxMzItYzk0MDc1ZTRhNTkxXkEyXkFqcGdeQXVyNzg5OTk2OA@@._V1_.jpg","caption":{"plainText":"Cripple Creek Bar-Room Scene (1899)","__typename":"Markdown"},"__typename":"Image"},"titleType":{"text":"Short","id":"short","isSeries":false,"isEpisode":false,"__typename":"TitleType"},"titleText":{"text":"Cripple Creek Bar-Room Scene","__typename":"TitleText"},"originalTitleText":{"text":"Cripple Creek Bar-Room Scene","__typename":"TitleText"},"releaseYear":{"year":1899,"endYear":null,"__typename":"YearRange"},"releaseDate":{"day":null,"month":5,"year":1899,"__typename":"ReleaseDate"}},{"_id":"61e57fd65c5338f43c777f5a","id":"tt0000109","primaryImage":{"id":"rm2010186752","width":614,"height":819,"url":"https://m.media-amazon.com/images/M/MV5BNjJhZjUzODMtZjg4ZS00OTQ3LWFhYjctYzYxZDM5OGNmZWFlL2ltYWdlL2ltYWdlXkEyXkFqcGdeQXVyNzg5OTk2OA@@._V1_.jpg","caption":{"plainText":"Rip Meeting the Dwarf (1896)","__typename":"Markdown"},"__typename":"Image"},"titleType":{"text":"Short","id":"short","isSeries":false,"isEpisode":false,"__typename":"TitleType"},"titleText":{"text":"Rip Meeting the Dwarf","__typename":"TitleText"},"originalTitleText":{"text":"Rip Meeting the Dwarf","__typename":"TitleText"},"releaseYear":{"year":1896,"endYear":null,"__typename":"YearRange"},"releaseDate":{"day":null,"month":9,"year":1896,"__typename":"ReleaseDate"}},{"_id":"61e57fd65c5338f43c777f5c","id":"tt0000086","primaryImage":{"id":"rm1872487936","width":226,"height":300,"url":"https://m.media-amazon.com/images/M/MV5BNzdmZjgzMmQtNWNmYS00NTIzLTkxYjctNmUxYmJlMDAzZDk4XkEyXkFqcGdeQXVyNTI2NTY2MDI@._V1_.jpg","caption":{"plainText":"Jetée et plage de Trouville (1er partie) (1896)","__typename":"Markdown"},"__typename":"Image"},"titleType":{"text":"Short","id":"short","isSeries":false,"isEpisode":false,"__typename":"TitleType"},"titleText":{"text":"Jetée et plage de Trouville (1er partie)","__typename":"TitleText"},"originalTitleText":{"text":"Jetée et plage de Trouville (1er partie)","__typename":"TitleText"},"releaseYear":{"year":1896,"endYear":null,"__typename":"YearRange"},"releaseDate":null}]} 
 </msg>
<msg timestamp="20231016 11:42:26.863" level="INFO">${response} = &lt;Response [200]&gt;</msg>
<status status="PASS" starttime="20231016 11:42:26.143" endtime="20231016 11:42:26.863"/>
</kw>
<kw name="Should Be Equal">
<arg>${response.status_code}</arg>
<arg>200</arg>
<kw name="Should Be Equal As Integers" library="BuiltIn">
<arg>${actual}</arg>
<arg>${expected}</arg>
<doc>Fails if objects are unequal after converting them to integers.</doc>
<msg timestamp="20231016 11:42:26.863" level="INFO">Argument types are:
&lt;class 'int'&gt;
&lt;class 'str'&gt;</msg>
<status status="PASS" starttime="20231016 11:42:26.863" endtime="20231016 11:42:26.863"/>
</kw>
<status status="PASS" starttime="20231016 11:42:26.863" endtime="20231016 11:42:26.863"/>
</kw>
<kw name="Log" library="BuiltIn">
<arg>Response: ${response.text}</arg>
<doc>Logs the given message with the given level.</doc>
<msg timestamp="20231016 11:42:26.900" level="INFO">Response: {"page":1,"next":"/titles/?page=2","entries":10,"results":[{"_id":"61e57fd65c5338f43c777f4a","id":"tt0000081","primaryImage":{"id":"rm211543552","width":226,"height":300,"url":"https://m.media-amazon.com/images/M/MV5BM2ZlYjA4NmItZTYxYy00MGFiLTg3MWUtNzZmYjE1ODZmMThjXkEyXkFqcGdeQXVyNTI2NTY2MDI@._V1_.jpg","caption":{"plainText":"Les haleurs de bateaux (1896)","__typename":"Markdown"},"__typename":"Image"},"titleType":{"text":"Short","id":"short","isSeries":false,"isEpisode":false,"__typename":"TitleType"},"titleText":{"text":"Les haleurs de bateaux","__typename":"TitleText"},"originalTitleText":{"text":"Les haleurs de bateaux","__typename":"TitleText"},"releaseYear":{"year":1896,"endYear":null,"__typename":"YearRange"},"releaseDate":null},{"_id":"61e57fd65c5338f43c777f4c","id":"tt0000045","primaryImage":{"id":"rm362538496","width":226,"height":300,"url":"https://m.media-amazon.com/images/M/MV5BNzBjZjI4YjYtNGIyOC00ZDQyLTg0OTctN2U2YmUyMjJiZTQzXkEyXkFqcGdeQXVyNTI2NTY2MDI@._V1_.jpg","caption":{"plainText":"Les blanchisseuses (1896)","__typename":"Markdown"},"__typename":"Image"},"titleType":{"text":"Short","id":"short","isSeries":false,"isEpisode":false,"__typename":"TitleType"},"titleText":{"text":"Les blanchisseuses","__typename":"TitleText"},"originalTitleText":{"text":"Les blanchisseuses","__typename":"TitleText"},"releaseYear":{"year":1896,"endYear":null,"__typename":"YearRange"},"releaseDate":{"day":null,"month":null,"year":1896,"__typename":"ReleaseDate"}},{"_id":"61e57fd65c5338f43c777f4e","id":"tt0000066","primaryImage":{"id":"rm1117513216","width":226,"height":300,"url":"https://m.media-amazon.com/images/M/MV5BZGUxMmJiZjEtMDdkNC00MGMzLWI3MTItOTJiYmNhOGM0Mjk5XkEyXkFqcGdeQXVyNTI2NTY2MDI@._V1_.jpg","caption":{"plainText":"Dessinateur: Von Bismark (1896)","__typename":"Markdown"},"__typename":"Image"},"titleType":{"text":"Short","id":"short","isSeries":false,"isEpisode":false,"__typename":"TitleType"},"titleText":{"text":"Dessinateur: Von Bismark","__typename":"TitleText"},"originalTitleText":{"text":"Dessinateur: Von Bismark","__typename":"TitleText"},"releaseYear":{"year":1896,"endYear":null,"__typename":"YearRange"},"releaseDate":null},{"_id":"61e57fd65c5338f43c777f50","id":"tt0000049","primaryImage":{"id":"rm4062580736","width":1280,"height":720,"url":"https://m.media-amazon.com/images/M/MV5BNjQ0YzQwYjctMTljYi00MzhmLTliMGUtMTY2NzE3MjgzYzYzXkEyXkFqcGdeQXVyNTIzOTk5ODM@._V1_.jpg","caption":{"plainText":"Boxing Match; or, Glove Contest (1896)","__typename":"Markdown"},"__typename":"Image"},"titleType":{"text":"Short","id":"short","isSeries":false,"isEpisode":false,"__typename":"TitleType"},"titleText":{"text":"Boxing Match; or, Glove Contest","__typename":"TitleText"},"originalTitleText":{"text":"Boxing Match; or, Glove Contest","__typename":"TitleText"},"releaseYear":{"year":1896,"endYear":null,"__typename":"YearRange"},"releaseDate":{"day":null,"month":1,"year":1896,"__typename":"ReleaseDate"}},{"_id":"61e57fd65c5338f43c777f52","id":"tt0000103","primaryImage":{"id":"rm597419520","width":226,"height":300,"url":"https://m.media-amazon.com/images/M/MV5BNDgxYjBjY2QtYjg5Mi00MGI2LWFlZWUtNWI5MDAzOTMyOGM4XkEyXkFqcGdeQXVyNTI2NTY2MDI@._V1_.jpg","caption":{"plainText":"Plus fort que le maître (1896)","__typename":"Markdown"},"__typename":"Image"},"titleType":{"text":"Short","id":"short","isSeries":false,"isEpisode":false,"__typename":"TitleType"},"titleText":{"text":"Plus fort que le maître","__typename":"TitleText"},"originalTitleText":{"text":"Plus fort que le maître","__typename":"TitleText"},"releaseYear":{"year":1896,"endYear":null,"__typename":"YearRange"},"releaseDate":null},{"_id":"61e57fd65c5338f43c777f54","id":"tt0000133","primaryImage":{"id":"rm1738270208","width":226,"height":300,"url":"https://m.media-amazon.com/images/M/MV5BMmQyNGUxNzYtZGNjNi00YjAzLTlkZGUtNzkyMjUxMzdmOTFkXkEyXkFqcGdeQXVyNTI2NTY2MDI@._V1_.jpg","caption":{"plainText":"La voiture du potier (1896)","__typename":"Markdown"},"__typename":"Image"},"titleType":{"text":"Short","id":"short","isSeries":false,"isEpisode":false,"__typename":"TitleType"},"titleText":{"text":"La voiture du potier","__typename":"TitleText"},"originalTitleText":{"text":"La voiture du potier","__typename":"TitleText"},"releaseYear":{"year":1896,"endYear":null,"__typename":"YearRange"},"releaseDate":null},{"_id":"61e57fd65c5338f43c777f56","id":"tt0000125","primaryImage":null,"titleType":{"text":"Short","id":"short","isSeries":false,"isEpisode":false,"__typename":"TitleType"},"titleText":{"text":"The Terrible Railway Accident","__typename":"TitleText"},"originalTitleText":{"text":"The Terrible Railway Accident","__typename":"TitleText"},"releaseYear":{"year":1896,"endYear":null,"__typename":"YearRange"},"releaseDate":null},{"_id":"61e57fd65c5338f43c777f58","id":"tt0000184","primaryImage":{"id":"rm2943491328","width":700,"height":525,"url":"https://m.media-amazon.com/images/M/MV5BNjg1MGM4Y2MtYThkNy00NDc0LWIxMzItYzk0MDc1ZTRhNTkxXkEyXkFqcGdeQXVyNzg5OTk2OA@@._V1_.jpg","caption":{"plainText":"Cripple Creek Bar-Room Scene (1899)","__typename":"Markdown"},"__typename":"Image"},"titleType":{"text":"Short","id":"short","isSeries":false,"isEpisode":false,"__typename":"TitleType"},"titleText":{"text":"Cripple Creek Bar-Room Scene","__typename":"TitleText"},"originalTitleText":{"text":"Cripple Creek Bar-Room Scene","__typename":"TitleText"},"releaseYear":{"year":1899,"endYear":null,"__typename":"YearRange"},"releaseDate":{"day":null,"month":5,"year":1899,"__typename":"ReleaseDate"}},{"_id":"61e57fd65c5338f43c777f5a","id":"tt0000109","primaryImage":{"id":"rm2010186752","width":614,"height":819,"url":"https://m.media-amazon.com/images/M/MV5BNjJhZjUzODMtZjg4ZS00OTQ3LWFhYjctYzYxZDM5OGNmZWFlL2ltYWdlL2ltYWdlXkEyXkFqcGdeQXVyNzg5OTk2OA@@._V1_.jpg","caption":{"plainText":"Rip Meeting the Dwarf (1896)","__typename":"Markdown"},"__typename":"Image"},"titleType":{"text":"Short","id":"short","isSeries":false,"isEpisode":false,"__typename":"TitleType"},"titleText":{"text":"Rip Meeting the Dwarf","__typename":"TitleText"},"originalTitleText":{"text":"Rip Meeting the Dwarf","__typename":"TitleText"},"releaseYear":{"year":1896,"endYear":null,"__typename":"YearRange"},"releaseDate":{"day":null,"month":9,"year":1896,"__typename":"ReleaseDate"}},{"_id":"61e57fd65c5338f43c777f5c","id":"tt0000086","primaryImage":{"id":"rm1872487936","width":226,"height":300,"url":"https://m.media-amazon.com/images/M/MV5BNzdmZjgzMmQtNWNmYS00NTIzLTkxYjctNmUxYmJlMDAzZDk4XkEyXkFqcGdeQXVyNTI2NTY2MDI@._V1_.jpg","caption":{"plainText":"Jetée et plage de Trouville (1er partie) (1896)","__typename":"Markdown"},"__typename":"Image"},"titleType":{"text":"Short","id":"short","isSeries":false,"isEpisode":false,"__typename":"TitleType"},"titleText":{"text":"Jetée et plage de Trouville (1er partie)","__typename":"TitleText"},"originalTitleText":{"text":"Jetée et plage de Trouville (1er partie)","__typename":"TitleText"},"releaseYear":{"year":1896,"endYear":null,"__typename":"YearRange"},"releaseDate":null}]}</msg>
<status status="PASS" starttime="20231016 11:42:26.863" endtime="20231016 11:42:26.900"/>
</kw>
<status status="PASS" starttime="20231016 11:42:26.143" endtime="20231016 11:42:26.900"/>
</test>
<status status="PASS" starttime="20231016 11:42:24.369" endtime="20231016 11:42:26.900"/>
</suite>
<statistics>
<total>
<stat pass="1" fail="0" skip="0">All Tests</stat>
</total>
<tag>
</tag>
<suite>
<stat pass="1" fail="0" skip="0" id="s1" name="Movies">Movies</stat>
</suite>
</statistics>
<errors>
</errors>
</robot>
